   0.0000000000000000        1.5000000000000000        3.0000000000000000     
  0.20202020202020202        1.9228273596482419        2.4337073227227015     
  0.40404040404040403        2.3295379939372070        1.7950504631676178     
  0.60606060606060608        2.4260084390175374        1.4138421392890184     
  0.80808080808080807        2.2389134768006693        1.3287817289785369     
   1.0101010101010102        1.9501499547207590        1.3960246302359856     
   1.2121212121212122        1.6531650630809118        1.5316301779428794     
   1.4141414141414141        1.3792870041080729        1.7020748762093159     
   1.6161616161616161        1.1386899395675674        1.8913010133772596     
   1.8181818181818181       0.93509048492949876        2.0883310199995488     
   2.0202020202020203       0.76973204188308597        2.2843176596991053     
   2.2222222222222223       0.64162988561965573        2.4726833763191598     
   2.4242424242424243       0.54704122772270458        2.6499082925367090     
   2.6262626262626263       0.48035490068191056        2.8153424283053656     
   2.8282828282828283       0.43549086882672539        2.9701091612554205     
   3.0303030303030303       0.40671728136167717        3.1161198232215281     
   3.2323232323232323       0.38938090509460166        3.2552573696000682     
   3.4343434343434343       0.38009582896557559        3.3889745277175156     
   3.6363636363636362       0.37647119134566065        3.5182908610361623     
   3.8383838383838382       0.37691455991106404        3.6438243083256565     
   4.0404040404040407       0.38038154649432943        3.7659160989621996     
   4.2424242424242422       0.38629189791005092        3.8846010921751279     
   4.4444444444444446       0.39435323461674171        3.9996906739244662     
   4.6464646464646462       0.40441856966793516        4.1109530323192081     
   4.8484848484848486       0.41659226649230330        4.2178608105899231     
   5.0505050505050502       0.43114054403594065        4.3197021316738917     
   5.2525252525252526       0.44855609647799038        4.4154496317592651     
   5.4545454545454541       0.46965255590129362        4.5036014167113407     
   5.6565656565656566       0.49562770237026382        4.5821544963722030     
   5.8585858585858590       0.52850631874549547        4.6479120844663200     
   6.0606060606060606       0.57180653469716725        4.6956095368332349     
   6.2626262626262630       0.63189644880900575        4.7162407311256080     
   6.4646464646464645       0.72218995702309585        4.6917232898748678     
   6.6666666666666670       0.87397090869856675        4.5820707979270905     
   6.8686868686868685        1.1782095641881043        4.2764311463919649     
   7.0707070707070709        1.9549909248615882        3.3982085218696105     
   7.2727272727272725        3.4927584010647701        1.5112511142461154     
   7.4747474747474749        3.6014521596267524       0.86175709858044058     
   7.6767676767676765        3.0753099008548137       0.91470615338806938     
   7.8787878787878789        2.5711400845992336        1.0523043530061773     
   8.0808080808080813        2.1354241731711872        1.2162449988084660     
   8.2828282828282820        1.7625746350906142        1.3987041080686322     
   8.4848484848484844        1.4447028444892016        1.5957349627925383     
   8.6868686868686869        1.1764848714523968        1.8022394250479519     
   8.8888888888888893       0.95491482859665922        2.0114872074773231     
   9.0909090909090917       0.77798931399884763        2.2162934968831585     
   9.2929292929292924       0.64268702380879605        2.4109049490213335     
   9.4949494949494948       0.54410802353831678        2.5923331608443352     
   9.6969696969696972       0.47557051706286352        2.7604697535954306     
   9.8989898989898997       0.42992111793267701        2.9170678083836674     
   10.101010101010100       0.40102347313261461        3.0643541338256242     
   10.303030303030303       0.38382665352188139        3.2045022564565206     
   10.505050505050505       0.37473022610167511        3.3391412357774541     
   10.707070707070708       0.37122133500797094        3.4694115861465273     
   10.909090909090908       0.37170000456577573        3.5959654585400180     
   11.111111111111111       0.37511538344853684        3.7191666499367577     
   11.313131313131313       0.38088271752884140        3.8390613591672160     
   11.515151515151516       0.38865561609292282        3.9555626954474099     
   11.717171717171718       0.39831554438992395        4.0684015783227530     
   11.919191919191919       0.40991583595477665        4.1771484653327589     
   12.121212121212121       0.42366589320023684        4.2812044324572511     
   12.323232323232324       0.43999689990295954        4.3796417540125230     
   12.525252525252526       0.45956884285617883        4.4712180593723572     
   12.727272727272727       0.48340935262992762        4.5541642541999847     
   12.929292929292929       0.51320529648621338        4.6257472085247393     
   13.131313131313131       0.55170034140558755        4.6817919313649616     
   13.333333333333334       0.60382639488504730        4.7151679282352639     
   13.535353535353535       0.67943350666239688        4.7123168017210988     
   13.737373737373737       0.79979418320966067        4.6455117030896727     
   13.939393939393939        1.0225440882724239        4.4431032690230703     
   14.141414141414142        1.5368177664562332        3.8802774959603572     
   14.343434343434344        2.8796173081158947        2.3109971592952023     
   14.545454545454545        3.7367373854770385       0.95102344785598902     
   14.747474747474747        3.3002007207544355       0.87294377605358464     
   14.949494949494950        2.7720843934008390       0.99101409440307164     
   15.151515151515152        2.3078344664784458        1.1457541519462686     
   15.353535353535353        1.9098377341722368        1.3210820748744150     
   15.555555555555555        1.5699491230246023        1.5126501470035814     
   15.757575757575758        1.2816621331869149        1.7160056688348584     
   15.959595959595960        1.0411154988544584        1.9250118226341943     
   16.161616161616163       0.84599939080373476        2.1324740169202734     
   16.363636363636363       0.69393083686771306        2.3318429273305119     
   16.565656565656564       0.58093651523930878        2.5188685057586175     
   16.767676767676768       0.50078269028644173        2.6923926868888022     
   16.969696969696969       0.44647986346531887        2.8534987221981112     
   17.171717171717173       0.41131481489406863        3.0043689436169685     
   17.373737373737374       0.38976361314897068        3.1472572110695851     
   17.575757575757574       0.37767878047252879        3.2840112580710215     
   17.777777777777779       0.37208547244484813        3.4159969992226542     
   17.979797979797979       0.37109152272324525        3.5440118041481710     
   18.181818181818183       0.37339271637681176        3.6685692271543546     
   18.383838383838384       0.37825480172285553        3.7898132418446799     
   18.585858585858585       0.38522151208206001        3.9077390349872942     
   18.787878787878789       0.39408978816425594        4.0221592912290030     
   18.989898989898990       0.40484676902509076        4.1327168843298816     
   19.191919191919190       0.41765931977550447        4.2388375058919161     
   19.393939393939394       0.43286367021270983        4.3397272319250382     
   19.595959595959595       0.45099500426075234        4.4343300857781136     
   19.797979797979799       0.47292513140904857        4.5210892767632815     
   20.000000000000000       0.50002673252461749        4.5977273746884384     
